[debug] [2026-04-16T13:42:09.865Z] ----------------------------------------------------------------------
[debug] [2026-04-16T13:42:09.869Z] Command:       C:\Program Files\nodejs\node.exe C:\Users\jeet pramanick\AppData\Roaming\npm\node_modules\firebase-tools\lib\bin\firebase.js init functions
[debug] [2026-04-16T13:42:09.869Z] CLI Version:   15.7.0
[debug] [2026-04-16T13:42:09.869Z] Platform:      win32
[debug] [2026-04-16T13:42:09.869Z] Node Version:  v24.12.0
[debug] [2026-04-16T13:42:09.870Z] Time:          Thu Apr 16 2026 19:12:09 GMT+0530 (India Standard Time)
[debug] [2026-04-16T13:42:09.870Z] ----------------------------------------------------------------------
[debug] 
[debug] [2026-04-16T13:42:09.872Z] >>> [apiv2][query] GET https://firebase-public.firebaseio.com/cli.json [none]
[info] 
     ######## #### ########  ######## ########     ###     ######  ########
     ##        ##  ##     ## ##       ##     ##  ##   ##  ##       ##
     ######    ##  ########  ######   ########  #########  ######  ######
     ##        ##  ##    ##  ##       ##     ## ##     ##       ## ##
     ##       #### ##     ## ######## ########  ##     ##  ######  ########

You're about to initialize a Firebase project in this directory:

  C:\Users\jeet pramanick\Desktop\CRYSALIS\crysalis

[debug] [2026-04-16T13:42:13.508Z] <<< [apiv2][status] GET https://firebase-public.firebaseio.com/cli.json 200
[debug] [2026-04-16T13:42:13.509Z] <<< [apiv2][body] GET https://firebase-public.firebaseio.com/cli.json {"cloudBuildErrorAfter":1594252800000,"cloudBuildWarnAfter":1590019200000,"defaultNode10After":1594252800000,"minVersion":"3.0.5","node8DeploysDisabledAfter":1613390400000,"node8RuntimeDisabledAfter":1615809600000,"node8WarnAfter":1600128000000}
[info] 
=== Project Setup
[info] 
[info] First, let's associate this project directory with a Firebase project.
[info] You can create multiple project aliases by running firebase use --add, 
[info] 
[debug] [2026-04-16T13:42:29.523Z] > command requires scopes: ["email","openid","https://www.googleapis.com/auth/cloudplatformprojects.readonly","https://www.googleapis.com/auth/firebase","https://www.googleapis.com/auth/cloud-platform"]
[debug] [2026-04-16T13:42:29.523Z] > authorizing via signed-in user (jeetpramanick2007@gmail.com)
[debug] [2026-04-16T13:42:29.524Z] Checked if tokens are valid: false, expires at: 1773304630440
[debug] [2026-04-16T13:42:29.525Z] Checked if tokens are valid: false, expires at: 1773304630440
[debug] [2026-04-16T13:42:29.525Z] > refreshing access token with scopes: []
[debug] [2026-04-16T13:42:29.526Z] >>> [apiv2][query] POST https://www.googleapis.com/oauth2/v3/token [none]
[debug] [2026-04-16T13:42:29.526Z] >>> [apiv2][body] POST https://www.googleapis.com/oauth2/v3/token [omitted]
[debug] [2026-04-16T13:42:29.739Z] <<< [apiv2][status] POST https://www.googleapis.com/oauth2/v3/token 200
[debug] [2026-04-16T13:42:29.739Z] <<< [apiv2][body] POST https://www.googleapis.com/oauth2/v3/token [omitted]
[debug] [2026-04-16T13:42:29.782Z] >>> [apiv2][query] GET https://firebase.googleapis.com/v1beta1/projects pageSize=100
[debug] [2026-04-16T13:42:30.750Z] <<< [apiv2][status] GET https://firebase.googleapis.com/v1beta1/projects 200
[debug] [2026-04-16T13:42:30.751Z] <<< [apiv2][body] GET https://firebase.googleapis.com/v1beta1/projects [omitted]
[debug] [2026-04-16T13:42:45.773Z] ExitPromptError: User force closed the prompt with SIGINT
    at Interface.sigint (C:\Users\jeet pramanick\AppData\Roaming\npm\node_modules\firebase-tools\node_modules\@inquirer\core\dist\commonjs\lib\create-prompt.js:101:37)
    at Interface.emit (node:events:508:28)
    at [_ttyWrite] [as _ttyWrite] (node:internal/readline/interface:1327:18)
    at ReadStream.onkeypress (node:internal/readline/interface:284:20)
    at ReadStream.emit (node:events:520:35)
    at emitKeys (node:internal/readline/utils:371:14)
    at emitKeys.next (<anonymous>)
    at ReadStream.onData (node:internal/readline/emitKeypressEvents:64:36)
    at ReadStream.emit (node:events:508:28)
    at addChunk (node:internal/streams/readable:559:12)
[error] 
[error] Error: An unexpected error has occurred.
[debug] [2026-04-16T13:42:55.279Z] ----------------------------------------------------------------------
[debug] [2026-04-16T13:42:55.282Z] Command:       C:\Program Files\nodejs\node.exe C:\Users\jeet pramanick\AppData\Roaming\npm\node_modules\firebase-tools\lib\bin\firebase.js init functions
[debug] [2026-04-16T13:42:55.283Z] CLI Version:   15.7.0
[debug] [2026-04-16T13:42:55.283Z] Platform:      win32
[debug] [2026-04-16T13:42:55.283Z] Node Version:  v24.12.0
[debug] [2026-04-16T13:42:55.283Z] Time:          Thu Apr 16 2026 19:12:55 GMT+0530 (India Standard Time)
[debug] [2026-04-16T13:42:55.283Z] ----------------------------------------------------------------------
[debug] 
[info] 
     ######## #### ########  ######## ########     ###     ######  ########
     ##        ##  ##     ## ##       ##     ##  ##   ##  ##       ##
     ######    ##  ########  ######   ########  #########  ######  ######
     ##        ##  ##    ##  ##       ##     ## ##     ##       ## ##
     ##       #### ##     ## ######## ########  ##     ##  ######  ########

You're about to initialize a Firebase project in this directory:

  C:\Users\jeet pramanick\Desktop\CRYSALIS\crysalis

[info] 
=== Project Setup
[info] 
[info] First, let's associate this project directory with a Firebase project.
[info] You can create multiple project aliases by running firebase use --add, 
[info] 
[info] i  If you want to create a project in a Google Cloud organization or folder, please use "firebase projects:create" instead, and return to this command when you've created the project. 
[debug] [2026-04-16T13:43:05.764Z] > command requires scopes: ["email","openid","https://www.googleapis.com/auth/cloudplatformprojects.readonly","https://www.googleapis.com/auth/firebase","https://www.googleapis.com/auth/cloud-platform"]
[debug] [2026-04-16T13:43:05.764Z] > authorizing via signed-in user (jeetpramanick2007@gmail.com)
[debug] [2026-04-16T13:43:16.300Z] Checked if tokens are valid: true, expires at: 1776350548739
[debug] [2026-04-16T13:43:16.300Z] Checked if tokens are valid: true, expires at: 1776350548739
[debug] [2026-04-16T13:43:16.302Z] >>> [apiv2][query] POST https://firebase.googleapis.com/v1/projects:checkProjectId [none]
[debug] [2026-04-16T13:43:16.303Z] >>> [apiv2][body] POST https://firebase.googleapis.com/v1/projects:checkProjectId {"proposedId":"CRYSALIS"}
[debug] [2026-04-16T13:43:17.012Z] <<< [apiv2][status] POST https://firebase.googleapis.com/v1/projects:checkProjectId 200
[debug] [2026-04-16T13:43:17.012Z] <<< [apiv2][body] POST https://firebase.googleapis.com/v1/projects:checkProjectId {"projectIdStatus":"PROJECT_ID_NOT_VALID","suggestedProjectId":"crysalis-9ba76"}
[debug] [2026-04-16T13:43:56.979Z] Checked if tokens are valid: true, expires at: 1776350548739
[debug] [2026-04-16T13:43:56.980Z] Checked if tokens are valid: true, expires at: 1776350548739
[debug] [2026-04-16T13:43:56.981Z] >>> [apiv2][query] POST https://firebase.googleapis.com/v1/projects:checkProjectId [none]
[debug] [2026-04-16T13:43:56.981Z] >>> [apiv2][body] POST https://firebase.googleapis.com/v1/projects:checkProjectId {"proposedId":"CRYSALIS-emergency response"}
[debug] [2026-04-16T13:43:57.519Z] <<< [apiv2][status] POST https://firebase.googleapis.com/v1/projects:checkProjectId 200
[debug] [2026-04-16T13:43:57.520Z] <<< [apiv2][body] POST https://firebase.googleapis.com/v1/projects:checkProjectId {"projectIdStatus":"PROJECT_ID_NOT_VALID","suggestedProjectId":"crysalis-emergency-response"}
[debug] [2026-04-16T13:44:10.571Z] Checked if tokens are valid: true, expires at: 1776350548739
[debug] [2026-04-16T13:44:10.571Z] Checked if tokens are valid: true, expires at: 1776350548739
[debug] [2026-04-16T13:44:10.572Z] >>> [apiv2][query] POST https://firebase.googleapis.com/v1/projects:checkProjectId [none]
[debug] [2026-04-16T13:44:10.572Z] >>> [apiv2][body] POST https://firebase.googleapis.com/v1/projects:checkProjectId {"proposedId":"CRYSALIS-emergency-response"}
[debug] [2026-04-16T13:44:11.209Z] <<< [apiv2][status] POST https://firebase.googleapis.com/v1/projects:checkProjectId 200
[debug] [2026-04-16T13:44:11.209Z] <<< [apiv2][body] POST https://firebase.googleapis.com/v1/projects:checkProjectId {"projectIdStatus":"PROJECT_ID_NOT_VALID","suggestedProjectId":"crysalis-emergency-response"}
[debug] [2026-04-16T13:44:36.046Z] Checked if tokens are valid: true, expires at: 1776350548739
[debug] [2026-04-16T13:44:36.046Z] Checked if tokens are valid: true, expires at: 1776350548739
[debug] [2026-04-16T13:44:36.047Z] >>> [apiv2][query] POST https://firebase.googleapis.com/v1/projects:checkProjectId [none]
[debug] [2026-04-16T13:44:36.047Z] >>> [apiv2][body] POST https://firebase.googleapis.com/v1/projects:checkProjectId {"proposedId":"crysalis-emergency-response"}
[debug] [2026-04-16T13:44:36.700Z] <<< [apiv2][status] POST https://firebase.googleapis.com/v1/projects:checkProjectId 200
[debug] [2026-04-16T13:44:36.700Z] <<< [apiv2][body] POST https://firebase.googleapis.com/v1/projects:checkProjectId {"projectIdStatus":"PROJECT_ID_AVAILABLE","suggestedProjectId":"crysalis-emergency-response"}
[debug] [2026-04-16T13:44:42.581Z] Checked if tokens are valid: true, expires at: 1776350548739
[debug] [2026-04-16T13:44:42.581Z] Checked if tokens are valid: true, expires at: 1776350548739
[debug] [2026-04-16T13:44:42.582Z] >>> [apiv2][query] POST https://cloudresourcemanager.googleapis.com/v1/projects [none]
[debug] [2026-04-16T13:44:42.582Z] >>> [apiv2][body] POST https://cloudresourcemanager.googleapis.com/v1/projects {"projectId":"crysalis-emergency-response","name":"crysalis-emergency-response"}
[debug] [2026-04-16T13:44:44.223Z] <<< [apiv2][status] POST https://cloudresourcemanager.googleapis.com/v1/projects 200
[debug] [2026-04-16T13:44:44.223Z] <<< [apiv2][body] POST https://cloudresourcemanager.googleapis.com/v1/projects {"name":"operations/create_project.global.4970892664612349511"}
[debug] [2026-04-16T13:44:44.224Z] Checked if tokens are valid: true, expires at: 1776350548739
[debug] [2026-04-16T13:44:44.224Z] Checked if tokens are valid: true, expires at: 1776350548739
[debug] [2026-04-16T13:44:44.224Z] >>> [apiv2][query] GET https://cloudresourcemanager.googleapis.com/v1/operations/create_project.global.4970892664612349511 [none]
[debug] [2026-04-16T13:44:45.505Z] <<< [apiv2][status] GET https://cloudresourcemanager.googleapis.com/v1/operations/create_project.global.4970892664612349511 200
[debug] [2026-04-16T13:44:45.505Z] <<< [apiv2][body] GET https://cloudresourcemanager.googleapis.com/v1/operations/create_project.global.4970892664612349511 {"name":"operations/create_project.global.4970892664612349511"}
[debug] [2026-04-16T13:44:46.007Z] [Project Creation Poller] Retrying task index 0
[debug] [2026-04-16T13:44:46.008Z] Checked if tokens are valid: true, expires at: 1776350548739
[debug] [2026-04-16T13:44:46.008Z] Checked if tokens are valid: true, expires at: 1776350548739
[debug] [2026-04-16T13:44:46.008Z] >>> [apiv2][query] GET https://cloudresourcemanager.googleapis.com/v1/operations/create_project.global.4970892664612349511 [none]
[debug] [2026-04-16T13:44:46.325Z] <<< [apiv2][status] GET https://cloudresourcemanager.googleapis.com/v1/operations/create_project.global.4970892664612349511 200
[debug] [2026-04-16T13:44:46.325Z] <<< [apiv2][body] GET https://cloudresourcemanager.googleapis.com/v1/operations/create_project.global.4970892664612349511 {"name":"operations/create_project.global.4970892664612349511","metadata":{"@type":"type.googleapis.com/google.cloudresourcemanager.v1.ProjectCreationStatus","gettable":true,"ready":true},"done":true,"response":{"@type":"type.googleapis.com/google.cloudresourcemanager.v1.Project","projectNumber":"394038200513","projectId":"crysalis-emergency-response","lifecycleState":"ACTIVE","name":"crysalis-emergency-response","createTime":"2026-04-16T13:44:44.863Z"}}
[debug] [2026-04-16T13:44:46.327Z] Checked if tokens are valid: true, expires at: 1776350548739
[debug] [2026-04-16T13:44:46.327Z] Checked if tokens are valid: true, expires at: 1776350548739
[debug] [2026-04-16T13:44:46.327Z] >>> [apiv2][query] POST https://firebase.googleapis.com/v1beta1/projects/crysalis-emergency-response:addFirebase [none]
[debug] [2026-04-16T13:44:50.897Z] <<< [apiv2][status] POST https://firebase.googleapis.com/v1beta1/projects/crysalis-emergency-response:addFirebase 200
[debug] [2026-04-16T13:44:50.898Z] <<< [apiv2][body] POST https://firebase.googleapis.com/v1beta1/projects/crysalis-emergency-response:addFirebase {"name":"operations/workflows/YmU0NDdkYjMtMmE4Mi00Yzc0LTlhZTEtNTVkNTRiY2I2NGE2"}
[debug] [2026-04-16T13:44:50.898Z] Checked if tokens are valid: true, expires at: 1776350548739
[debug] [2026-04-16T13:44:50.898Z] Checked if tokens are valid: true, expires at: 1776350548739
[debug] [2026-04-16T13:44:50.898Z] >>> [apiv2][query] GET https://firebase.googleapis.com/v1beta1/operations/workflows/YmU0NDdkYjMtMmE4Mi00Yzc0LTlhZTEtNTVkNTRiY2I2NGE2 [none]
[debug] [2026-04-16T13:44:52.093Z] <<< [apiv2][status] GET https://firebase.googleapis.com/v1beta1/operations/workflows/YmU0NDdkYjMtMmE4Mi00Yzc0LTlhZTEtNTVkNTRiY2I2NGE2 200
[debug] [2026-04-16T13:44:52.093Z] <<< [apiv2][body] GET https://firebase.googleapis.com/v1beta1/operations/workflows/YmU0NDdkYjMtMmE4Mi00Yzc0LTlhZTEtNTVkNTRiY2I2NGE2 {"name":"operations/workflows/YmU0NDdkYjMtMmE4Mi00Yzc0LTlhZTEtNTVkNTRiY2I2NGE2"}
[debug] [2026-04-16T13:44:52.596Z] [Add Firebase Poller] Retrying task index 0
[debug] [2026-04-16T13:44:52.597Z] Checked if tokens are valid: true, expires at: 1776350548739
[debug] [2026-04-16T13:44:52.597Z] Checked if tokens are valid: true, expires at: 1776350548739
[debug] [2026-04-16T13:44:52.597Z] >>> [apiv2][query] GET https://firebase.googleapis.com/v1beta1/operations/workflows/YmU0NDdkYjMtMmE4Mi00Yzc0LTlhZTEtNTVkNTRiY2I2NGE2 [none]
[debug] [2026-04-16T13:44:53.864Z] <<< [apiv2][status] GET https://firebase.googleapis.com/v1beta1/operations/workflows/YmU0NDdkYjMtMmE4Mi00Yzc0LTlhZTEtNTVkNTRiY2I2NGE2 200
[debug] [2026-04-16T13:44:53.865Z] <<< [apiv2][body] GET https://firebase.googleapis.com/v1beta1/operations/workflows/YmU0NDdkYjMtMmE4Mi00Yzc0LTlhZTEtNTVkNTRiY2I2NGE2 {"name":"operations/workflows/YmU0NDdkYjMtMmE4Mi00Yzc0LTlhZTEtNTVkNTRiY2I2NGE2"}
[debug] [2026-04-16T13:44:54.871Z] [Add Firebase Poller] Retrying task index 0
[debug] [2026-04-16T13:44:54.872Z] Checked if tokens are valid: true, expires at: 1776350548739
[debug] [2026-04-16T13:44:54.872Z] Checked if tokens are valid: true, expires at: 1776350548739
[debug] [2026-04-16T13:44:54.872Z] >>> [apiv2][query] GET https://firebase.googleapis.com/v1beta1/operations/workflows/YmU0NDdkYjMtMmE4Mi00Yzc0LTlhZTEtNTVkNTRiY2I2NGE2 [none]
[debug] [2026-04-16T13:44:55.856Z] <<< [apiv2][status] GET https://firebase.googleapis.com/v1beta1/operations/workflows/YmU0NDdkYjMtMmE4Mi00Yzc0LTlhZTEtNTVkNTRiY2I2NGE2 200
[debug] [2026-04-16T13:44:55.857Z] <<< [apiv2][body] GET https://firebase.googleapis.com/v1beta1/operations/workflows/YmU0NDdkYjMtMmE4Mi00Yzc0LTlhZTEtNTVkNTRiY2I2NGE2 {"name":"operations/workflows/YmU0NDdkYjMtMmE4Mi00Yzc0LTlhZTEtNTVkNTRiY2I2NGE2"}
[debug] [2026-04-16T13:44:57.863Z] [Add Firebase Poller] Retrying task index 0
[debug] [2026-04-16T13:44:57.863Z] Checked if tokens are valid: true, expires at: 1776350548739
[debug] [2026-04-16T13:44:57.863Z] Checked if tokens are valid: true, expires at: 1776350548739
[debug] [2026-04-16T13:44:57.863Z] >>> [apiv2][query] GET https://firebase.googleapis.com/v1beta1/operations/workflows/YmU0NDdkYjMtMmE4Mi00Yzc0LTlhZTEtNTVkNTRiY2I2NGE2 [none]
[debug] [2026-04-16T13:44:58.760Z] <<< [apiv2][status] GET https://firebase.googleapis.com/v1beta1/operations/workflows/YmU0NDdkYjMtMmE4Mi00Yzc0LTlhZTEtNTVkNTRiY2I2NGE2 200
[debug] [2026-04-16T13:44:58.760Z] <<< [apiv2][body] GET https://firebase.googleapis.com/v1beta1/operations/workflows/YmU0NDdkYjMtMmE4Mi00Yzc0LTlhZTEtNTVkNTRiY2I2NGE2 {"name":"operations/workflows/YmU0NDdkYjMtMmE4Mi00Yzc0LTlhZTEtNTVkNTRiY2I2NGE2"}
[debug] [2026-04-16T13:45:02.764Z] [Add Firebase Poller] Retrying task index 0
[debug] [2026-04-16T13:45:02.764Z] Checked if tokens are valid: true, expires at: 1776350548739
[debug] [2026-04-16T13:45:02.765Z] Checked if tokens are valid: true, expires at: 1776350548739
[debug] [2026-04-16T13:45:02.765Z] >>> [apiv2][query] GET https://firebase.googleapis.com/v1beta1/operations/workflows/YmU0NDdkYjMtMmE4Mi00Yzc0LTlhZTEtNTVkNTRiY2I2NGE2 [none]
[debug] [2026-04-16T13:45:04.356Z] <<< [apiv2][status] GET https://firebase.googleapis.com/v1beta1/operations/workflows/YmU0NDdkYjMtMmE4Mi00Yzc0LTlhZTEtNTVkNTRiY2I2NGE2 200
[debug] [2026-04-16T13:45:04.357Z] <<< [apiv2][body] GET https://firebase.googleapis.com/v1beta1/operations/workflows/YmU0NDdkYjMtMmE4Mi00Yzc0LTlhZTEtNTVkNTRiY2I2NGE2 {"name":"operations/workflows/YmU0NDdkYjMtMmE4Mi00Yzc0LTlhZTEtNTVkNTRiY2I2NGE2","done":true,"response":{"@type":"type.googleapis.com/google.firebase.service.v1beta1.FirebaseProject","projectId":"crysalis-emergency-response","projectNumber":"394038200513","displayName":"crysalis-emergency-response","name":"projects/crysalis-emergency-response","resources":{"hostingSite":"crysalis-emergency-response"}}}
[info] 
[info] === Your Firebase project is ready! ===
[info] 
[info] Project information:
[info]    - Project ID: crysalis-emergency-response
[info]    - Project Name: crysalis-emergency-response
[info] 
[info] Firebase console is available at
[info] https://console.firebase.google.com/project/crysalis-emergency-response/overview
[info] 
=== Functions Setup
[debug] [2026-04-16T13:45:04.374Z] > command requires scopes: ["email","openid","https://www.googleapis.com/auth/cloudplatformprojects.readonly","https://www.googleapis.com/auth/firebase","https://www.googleapis.com/auth/cloud-platform"]
[debug] [2026-04-16T13:45:04.374Z] > authorizing via signed-in user (jeetpramanick2007@gmail.com)
[debug] [2026-04-16T13:45:04.374Z] [iam] checking project crysalis-emergency-response for permissions ["firebase.projects.get"]
[debug] [2026-04-16T13:45:04.374Z] Checked if tokens are valid: true, expires at: 1776350548739
[debug] [2026-04-16T13:45:04.374Z] Checked if tokens are valid: true, expires at: 1776350548739
[debug] [2026-04-16T13:45:04.375Z] >>> [apiv2][query] POST https://cloudresourcemanager.googleapis.com/v1/projects/crysalis-emergency-response:testIamPermissions [none]
[debug] [2026-04-16T13:45:04.375Z] >>> [apiv2][(partial)header] POST https://cloudresourcemanager.googleapis.com/v1/projects/crysalis-emergency-response:testIamPermissions  x-goog-user-project=crysalis-emergency-response
[debug] [2026-04-16T13:45:04.375Z] >>> [apiv2][body] POST https://cloudresourcemanager.googleapis.com/v1/projects/crysalis-emergency-response:testIamPermissions {"permissions":["firebase.projects.get"]}
[debug] [2026-04-16T13:45:06.107Z] <<< [apiv2][status] POST https://cloudresourcemanager.googleapis.com/v1/projects/crysalis-emergency-response:testIamPermissions 200
[debug] [2026-04-16T13:45:06.107Z] <<< [apiv2][body] POST https://cloudresourcemanager.googleapis.com/v1/projects/crysalis-emergency-response:testIamPermissions {"permissions":["firebase.projects.get"]}
[debug] [2026-04-16T13:45:06.108Z] Checked if tokens are valid: true, expires at: 1776350548739
[debug] [2026-04-16T13:45:06.108Z] Checked if tokens are valid: true, expires at: 1776350548739
[debug] [2026-04-16T13:45:06.110Z] Checked if tokens are valid: true, expires at: 1776350548739
[debug] [2026-04-16T13:45:06.110Z] Checked if tokens are valid: true, expires at: 1776350548739
[debug] [2026-04-16T13:45:06.110Z] >>> [apiv2][query] GET https://serviceusage.googleapis.com/v1/projects/crysalis-emergency-response/services/cloudfunctions.googleapis.com [none]
[debug] [2026-04-16T13:45:06.110Z] >>> [apiv2][(partial)header] GET https://serviceusage.googleapis.com/v1/projects/crysalis-emergency-response/services/cloudfunctions.googleapis.com  x-goog-user-project=crysalis-emergency-response
[debug] [2026-04-16T13:45:06.112Z] >>> [apiv2][query] GET https://serviceusage.googleapis.com/v1/projects/crysalis-emergency-response/services/runtimeconfig.googleapis.com [none]
[debug] [2026-04-16T13:45:06.112Z] >>> [apiv2][(partial)header] GET https://serviceusage.googleapis.com/v1/projects/crysalis-emergency-response/services/runtimeconfig.googleapis.com  x-goog-user-project=crysalis-emergency-response
[debug] [2026-04-16T13:45:08.412Z] <<< [apiv2][status] GET https://serviceusage.googleapis.com/v1/projects/crysalis-emergency-response/services/runtimeconfig.googleapis.com 200
[debug] [2026-04-16T13:45:08.412Z] <<< [apiv2][body] GET https://serviceusage.googleapis.com/v1/projects/crysalis-emergency-response/services/runtimeconfig.googleapis.com [omitted]
[debug] [2026-04-16T13:45:08.423Z] <<< [apiv2][status] GET https://serviceusage.googleapis.com/v1/projects/crysalis-emergency-response/services/cloudfunctions.googleapis.com 200
[debug] [2026-04-16T13:45:08.423Z] <<< [apiv2][body] GET https://serviceusage.googleapis.com/v1/projects/crysalis-emergency-response/services/cloudfunctions.googleapis.com [omitted]
[debug] [2026-04-16T13:45:08.424Z] Checked if tokens are valid: true, expires at: 1776350548739
[debug] [2026-04-16T13:45:08.424Z] Checked if tokens are valid: true, expires at: 1776350548739
[debug] [2026-04-16T13:45:08.424Z] >>> [apiv2][query] POST https://serviceusage.googleapis.com/v1/projects/crysalis-emergency-response/services/cloudfunctions.googleapis.com:enable [none]
[debug] [2026-04-16T13:45:08.424Z] >>> [apiv2][(partial)header] POST https://serviceusage.googleapis.com/v1/projects/crysalis-emergency-response/services/cloudfunctions.googleapis.com:enable  x-goog-user-project=crysalis-emergency-response
[debug] [2026-04-16T13:45:09.480Z] <<< [apiv2][status] POST https://serviceusage.googleapis.com/v1/projects/crysalis-emergency-response/services/cloudfunctions.googleapis.com:enable 200
[debug] [2026-04-16T13:45:09.480Z] <<< [apiv2][body] POST https://serviceusage.googleapis.com/v1/projects/crysalis-emergency-response/services/cloudfunctions.googleapis.com:enable [omitted]
[info] Let's create a new codebase for your functions.
[info] A directory corresponding to the codebase will be created in your project
[info] with sample code pre-configured.

[info] See https://firebase.google.com/docs/functions/organize-functions for
[info] more information on organizing your functions using codebases.

[info] Functions can be deployed with firebase deploy.

[debug] [2026-04-16T13:55:40.132Z] ExitPromptError: User force closed the prompt with SIGINT
    at Interface.sigint (C:\Users\jeet pramanick\AppData\Roaming\npm\node_modules\firebase-tools\node_modules\@inquirer\core\dist\commonjs\lib\create-prompt.js:101:37)
    at Interface.emit (node:events:508:28)
    at [_ttyWrite] [as _ttyWrite] (node:internal/readline/interface:1327:18)
    at ReadStream.onkeypress (node:internal/readline/interface:284:20)
    at ReadStream.emit (node:events:520:35)
    at emitKeys (node:internal/readline/utils:371:14)
    at emitKeys.next (<anonymous>)
    at ReadStream.onData (node:internal/readline/emitKeypressEvents:64:36)
    at ReadStream.emit (node:events:508:28)
    at addChunk (node:internal/streams/readable:559:12)
[error] 
[error] Error: An unexpected error has occurred.
